0 info it worked if it ends with ok
1 verbose cli [ 'C:\\Program Files\\nodejs\\node.exe',
1 verbose cli   'C:\\Program Files\\nodejs\\node_modules\\npm\\bin\\npm-cli.js',
1 verbose cli   'start' ]
2 info using npm@3.10.10
3 info using node@v6.11.0
4 verbose run-script [ 'prestart', 'start', 'poststart' ]
5 info lifecycle nodejs-test@1.0.0~prestart: nodejs-test@1.0.0
6 silly lifecycle nodejs-test@1.0.0~prestart: no script for prestart, continuing
7 info lifecycle nodejs-test@1.0.0~start: nodejs-test@1.0.0
8 verbose lifecycle nodejs-test@1.0.0~start: unsafe-perm in lifecycle true
9 verbose lifecycle nodejs-test@1.0.0~start: PATH: C:\Program Files\nodejs\node_modules\npm\bin\node-gyp-bin;C:\Users\Rajesh\Documents\GitHub\node_modules\.bin;C:\Users\Rajesh\AppData\Local\GitHub\PortableGit_f02737a78695063deace08e96d5042710d3e32db\cmd;C:\Users\Rajesh\AppData\Local\GitHub\PortableGit_f02737a78695063deace08e96d5042710d3e32db\usr\bin;C:\Users\Rajesh\AppData\Local\GitHub\PortableGit_f02737a78695063deace08e96d5042710d3e32db\usr\share\git-tfs;C:\Users\Rajesh\AppData\Local\Apps\2.0\DB0DQOTA.9CO\JOBEQAER.Q4Z\gith..tion_317444273a93ac29_0003.0003_5794af8169eeff14;C:\Users\Rajesh\AppData\Local\GitHub\lfs-amd64_1.5.5;C:\ProgramData\Oracle\Java\javapath;C:\Program Files (x86)\Intel\iCLS Client\;C:\Program Files\Intel\iCLS Client\;C:\windows\system32;C:\windows;C:\windows\System32\Wbem;C:\windows\System32\WindowsPowerShell\v1.0\;C:\Program Files (x86)\Intel\Intel(R) Management Engine Components\DAL;C:\Program Files\Intel\Intel(R) Management Engine Components\DAL;C:\Program Files (x86)\Intel\Intel(R) Management Engine Components\IPT;C:\Program Files\Intel\Intel(R) Management Engine Components\IPT;c:\Program Files\Intel\WiFi\bin\;c:\Program Files\Common Files\Intel\WirelessCommon\;C:\Program Files (x86)\Skype\Phone\;C:\Program Files\MySQL\MySQL Utilities 1.6\;C:\Program Files\Java\jre1.8.0_112\bin;C:\Program Files\Java\jdk1.8.0_112\bin;C:\windows\system32\config\systemprofile\.dnx\bin;C:\Program Files\Microsoft DNX\Dnvm\;C:\Program Files\Microsoft SQL Server\130\Tools\Binn\;C:\Program Files (x86)\GtkSharp\2.12\bin;C:\Program Files (x86)\Windows Kits\10\Windows Performance Toolkit\;C:\Program Files\nodejs\;C:\Users\Rajesh\AppData\Local\Microsoft\WindowsApps;C:\Program Files\Java\jdk1.8.0_112\bin;C:\Program Files\Java\jre1.8.0_112\bin;C:\Users\Rajesh\AppData\Roaming\npm;C:\Program Files (x86)\MSBuild\14.0\bin\;C:\Program Files (x86)\Microsoft SDKs\Windows\v8.1A\bin\NETFX 4.5.1 Tools\x64
10 verbose lifecycle nodejs-test@1.0.0~start: CWD: C:\Users\Rajesh\Documents\GitHub
11 silly lifecycle nodejs-test@1.0.0~start: Args: [ '/d /s /c', 'npm run lite' ]
12 silly lifecycle nodejs-test@1.0.0~start: Returned: code: 3221225786  signal: null
13 info lifecycle nodejs-test@1.0.0~start: Failed to exec start script
14 verbose stack Error: nodejs-test@1.0.0 start: `npm run lite`
14 verbose stack Exit status 3221225786
14 verbose stack     at EventEmitter.<anonymous> (C:\Program Files\nodejs\node_modules\npm\lib\utils\lifecycle.js:255:16)
14 verbose stack     at emitTwo (events.js:106:13)
14 verbose stack     at EventEmitter.emit (events.js:191:7)
14 verbose stack     at ChildProcess.<anonymous> (C:\Program Files\nodejs\node_modules\npm\lib\utils\spawn.js:40:14)
14 verbose stack     at emitTwo (events.js:106:13)
14 verbose stack     at ChildProcess.emit (events.js:191:7)
14 verbose stack     at maybeClose (internal/child_process.js:891:16)
14 verbose stack     at Process.ChildProcess._handle.onexit (internal/child_process.js:226:5)
15 verbose pkgid nodejs-test@1.0.0
16 verbose cwd C:\Users\Rajesh\Documents\GitHub
17 error Windows_NT 10.0.14393
18 error argv "C:\\Program Files\\nodejs\\node.exe" "C:\\Program Files\\nodejs\\node_modules\\npm\\bin\\npm-cli.js" "start"
19 error node v6.11.0
20 error npm  v3.10.10
21 error code ELIFECYCLE
22 error nodejs-test@1.0.0 start: `npm run lite`
22 error Exit status 3221225786
23 error Failed at the nodejs-test@1.0.0 start script 'npm run lite'.
23 error Make sure you have the latest version of node.js and npm installed.
23 error If you do, this is most likely a problem with the nodejs-test package,
23 error not with npm itself.
23 error Tell the author that this fails on your system:
23 error     npm run lite
23 error You can get information on how to open an issue for this project with:
23 error     npm bugs nodejs-test
23 error Or if that isn't available, you can get their info via:
23 error     npm owner ls nodejs-test
23 error There is likely additional logging output above.
24 verbose exit [ 1, true ]
